<?xml version="1.0" encoding="UTF-8"?>
<testsuite name="SheepTests" tests="1" skipped="0" failures="0" errors="0" timestamp="2023-09-14T10:25:37" hostname="LAPTOP-99TD89UG" time="0.014">
  <properties/>
  <testcase name="testSolution" classname="SheepTests" time="0.014"/>
  <system-out><![CDATA[]]></system-out>
  <system-err><![CDATA[]]></system-err>
</testsuite>
